{"C:\\Users\\howar\\Documents\\my-app\\components\\SearchBar.js": {"path":"C:\\Users\\howar\\Documents\\my-app\\components\\SearchBar.js","statementMap":{"0":{"start":{"line":6,"column":25},"end":{"line":20,"column":1}},"1":{"start":{"line":7,"column":28},"end":{"line":7,"column":40}},"2":{"start":{"line":9,"column":2},"end":{"line":19,"column":4}},"3":{"start":{"line":17,"column":44},"end":{"line":17,"column":59}},"4":{"start":{"line":22,"column":15},"end":{"line":36,"column":2}}},"fnMap":{"0":{"name":"(anonymous_0)","decl":{"start":{"line":6,"column":25},"end":{"line":6,"column":26}},"loc":{"start":{"line":6,"column":43},"end":{"line":20,"column":1}},"line":6},"1":{"name":"(anonymous_1)","decl":{"start":{"line":17,"column":38},"end":{"line":17,"column":39}},"loc":{"start":{"line":17,"column":44},"end":{"line":17,"column":59}},"line":17}},"branchMap":{},"s":{"0":1,"1":2,"2":2,"3":1,"4":1},"f":{"0":2,"1":1},"b":{},"_coverageSchema":"1a1c01bbd47fc00a2c39e90264f33305004495a9","hash":"8ee2925787564cfc34c175a3354ecc26fd175878"}
,"C:\\Users\\howar\\Documents\\my-app\\hooks\\useFavoriteGifs.js": {"path":"C:\\Users\\howar\\Documents\\my-app\\hooks\\useFavoriteGifs.js","statementMap":{"0":{"start":{"line":4,"column":22},"end":{"line":4,"column":37}},"1":{"start":{"line":6,"column":31},"end":{"line":74,"column":1}},"2":{"start":{"line":7,"column":36},"end":{"line":7,"column":48}},"3":{"start":{"line":9,"column":2},"end":{"line":24,"column":9}},"4":{"start":{"line":10,"column":26},"end":{"line":22,"column":5}},"5":{"start":{"line":11,"column":6},"end":{"line":21,"column":7}},"6":{"start":{"line":12,"column":32},"end":{"line":12,"column":73}},"7":{"start":{"line":13,"column":8},"end":{"line":18,"column":9}},"8":{"start":{"line":14,"column":10},"end":{"line":14,"column":52}},"9":{"start":{"line":15,"column":10},"end":{"line":15,"column":85}},"10":{"start":{"line":17,"column":10},"end":{"line":17,"column":55}},"11":{"start":{"line":20,"column":8},"end":{"line":20,"column":57}},"12":{"start":{"line":23,"column":4},"end":{"line":23,"column":20}},"13":{"start":{"line":26,"column":24},"end":{"line":34,"column":3}},"14":{"start":{"line":27,"column":4},"end":{"line":33,"column":5}},"15":{"start":{"line":28,"column":6},"end":{"line":28,"column":78}},"16":{"start":{"line":29,"column":6},"end":{"line":29,"column":33}},"17":{"start":{"line":30,"column":6},"end":{"line":30,"column":63}},"18":{"start":{"line":32,"column":6},"end":{"line":32,"column":54}},"19":{"start":{"line":36,"column":22},"end":{"line":54,"column":3}},"20":{"start":{"line":37,"column":4},"end":{"line":53,"column":5}},"21":{"start":{"line":39,"column":30},"end":{"line":39,"column":71}},"22":{"start":{"line":40,"column":25},"end":{"line":40,"column":75}},"23":{"start":{"line":43,"column":6},"end":{"line":50,"column":7}},"24":{"start":{"line":44,"column":8},"end":{"line":44,"column":59}},"25":{"start":{"line":45,"column":8},"end":{"line":45,"column":80}},"26":{"start":{"line":46,"column":8},"end":{"line":46,"column":35}},"27":{"start":{"line":47,"column":8},"end":{"line":47,"column":43}},"28":{"start":{"line":49,"column":8},"end":{"line":49,"column":52}},"29":{"start":{"line":52,"column":6},"end":{"line":52,"column":53}},"30":{"start":{"line":55,"column":25},"end":{"line":67,"column":3}},"31":{"start":{"line":56,"column":4},"end":{"line":65,"column":5}},"32":{"start":{"line":58,"column":29},"end":{"line":58,"column":76}},"33":{"start":{"line":58,"column":60},"end":{"line":58,"column":75}},"34":{"start":{"line":59,"column":8},"end":{"line":59,"column":80}},"35":{"start":{"line":60,"column":8},"end":{"line":60,"column":45}},"36":{"start":{"line":61,"column":8},"end":{"line":61,"column":35}},"37":{"start":{"line":64,"column":6},"end":{"line":64,"column":25}},"38":{"start":{"line":69,"column":2},"end":{"line":73,"column":4}}},"fnMap":{"0":{"name":"(anonymous_0)","decl":{"start":{"line":6,"column":31},"end":{"line":6,"column":32}},"loc":{"start":{"line":6,"column":37},"end":{"line":74,"column":1}},"line":6},"1":{"name":"(anonymous_1)","decl":{"start":{"line":9,"column":12},"end":{"line":9,"column":13}},"loc":{"start":{"line":9,"column":18},"end":{"line":24,"column":3}},"line":9},"2":{"name":"(anonymous_2)","decl":{"start":{"line":10,"column":26},"end":{"line":10,"column":27}},"loc":{"start":{"line":10,"column":38},"end":{"line":22,"column":5}},"line":10},"3":{"name":"(anonymous_3)","decl":{"start":{"line":26,"column":24},"end":{"line":26,"column":25}},"loc":{"start":{"line":26,"column":48},"end":{"line":34,"column":3}},"line":26},"4":{"name":"(anonymous_4)","decl":{"start":{"line":36,"column":22},"end":{"line":36,"column":23}},"loc":{"start":{"line":36,"column":36},"end":{"line":54,"column":3}},"line":36},"5":{"name":"(anonymous_5)","decl":{"start":{"line":55,"column":25},"end":{"line":55,"column":26}},"loc":{"start":{"line":55,"column":39},"end":{"line":67,"column":3}},"line":55},"6":{"name":"(anonymous_6)","decl":{"start":{"line":58,"column":46},"end":{"line":58,"column":47}},"loc":{"start":{"line":58,"column":60},"end":{"line":58,"column":75}},"line":58}},"branchMap":{"0":{"loc":{"start":{"line":13,"column":8},"end":{"line":18,"column":9}},"type":"if","locations":[{"start":{"line":13,"column":8},"end":{"line":18,"column":9}},{"start":{"line":16,"column":15},"end":{"line":18,"column":9}}],"line":13},"1":{"loc":{"start":{"line":40,"column":25},"end":{"line":40,"column":75}},"type":"cond-expr","locations":[{"start":{"line":40,"column":43},"end":{"line":40,"column":70}},{"start":{"line":40,"column":73},"end":{"line":40,"column":75}}],"line":40},"2":{"loc":{"start":{"line":43,"column":6},"end":{"line":50,"column":7}},"type":"if","locations":[{"start":{"line":43,"column":6},"end":{"line":50,"column":7}},{"start":{"line":48,"column":13},"end":{"line":50,"column":7}}],"line":43}},"s":{"0":1,"1":1,"2":16,"3":16,"4":6,"5":6,"6":6,"7":6,"8":6,"9":6,"10":0,"11":0,"12":6,"13":16,"14":0,"15":0,"16":0,"17":0,"18":0,"19":16,"20":1,"21":1,"22":1,"23":1,"24":1,"25":1,"26":1,"27":1,"28":0,"29":0,"30":16,"31":3,"32":3,"33":2,"34":3,"35":3,"36":3,"37":0,"38":16},"f":{"0":16,"1":6,"2":6,"3":0,"4":1,"5":3,"6":2},"b":{"0":[6,0],"1":[0,1],"2":[1,0]},"_coverageSchema":"1a1c01bbd47fc00a2c39e90264f33305004495a9","hash":"b3f088b44a6a88d252bb2c4c5e7096d90c656a25"}
}
