TN:
SF:components\SearchBar.js
FN:6,(anonymous_0)
FN:17,(anonymous_1)
FNF:2
FNH:2
FNDA:2,(anonymous_0)
FNDA:1,(anonymous_1)
DA:6,1
DA:7,2
DA:9,2
DA:17,1
DA:22,1
LF:5
LH:5
BRF:0
BRH:0
end_of_record
TN:
SF:hooks\useFavoriteGifs.js
FN:6,(anonymous_0)
FN:9,(anonymous_1)
FN:10,(anonymous_2)
FN:26,(anonymous_3)
FN:36,(anonymous_4)
FN:55,(anonymous_5)
FN:58,(anonymous_6)
FNF:7
FNH:6
FNDA:16,(anonymous_0)
FNDA:6,(anonymous_1)
FNDA:6,(anonymous_2)
FNDA:0,(anonymous_3)
FNDA:1,(anonymous_4)
FNDA:3,(anonymous_5)
FNDA:2,(anonymous_6)
DA:4,1
DA:6,1
DA:7,16
DA:9,16
DA:10,6
DA:11,6
DA:12,6
DA:13,6
DA:14,6
DA:15,6
DA:17,0
DA:20,0
DA:23,6
DA:26,16
DA:27,0
DA:28,0
DA:29,0
DA:30,0
DA:32,0
DA:36,16
DA:37,1
DA:39,1
DA:40,1
DA:43,1
DA:44,1
DA:45,1
DA:46,1
DA:47,1
DA:49,0
DA:52,0
DA:55,16
DA:56,3
DA:58,3
DA:59,3
DA:60,3
DA:61,3
DA:64,0
DA:69,16
LF:38
LH:28
BRDA:13,0,0,6
BRDA:13,0,1,0
BRDA:40,1,0,0
BRDA:40,1,1,1
BRDA:43,2,0,1
BRDA:43,2,1,0
BRF:6
BRH:3
end_of_record
